The system is: Linux - 2.6.32-573.18.1.el6.x86_64 - x86_64
Compiling the C compiler identification source file "CMakeCCompilerId.c" succeeded.
Compiler: /uufs/chpc.utah.edu/sys/installdir/gcc/4.9.2/bin/gcc 
Build flags: 
Id flags: 

The output was:
0


Compilation of the C compiler identification source "CMakeCCompilerId.c" produced "a.out"

The C compiler identification is GNU, found in "/uufs/chpc.utah.edu/common/home/u0401321/TenX/bin/CMakeFiles/2.8.12.2/CompilerIdC/a.out"

Compiling the CXX compiler identification source file "CMakeCXXCompilerId.cpp" succeeded.
Compiler: /uufs/chpc.utah.edu/sys/installdir/gcc/4.9.2/bin/g++ 
Build flags: 
Id flags: 

The output was:
0


Compilation of the CXX compiler identification source "CMakeCXXCompilerId.cpp" produced "a.out"

The CXX compiler identification is GNU, found in "/uufs/chpc.utah.edu/common/home/u0401321/TenX/bin/CMakeFiles/2.8.12.2/CompilerIdCXX/a.out"

Determining if the C compiler works passed with the following output:
Change Dir: /uufs/chpc.utah.edu/common/home/u0401321/TenX/bin/CMakeFiles/CMakeTmp

Run Build Command:/usr/bin/gmake "cmTryCompileExec3732351018/fast"
/usr/bin/gmake -f CMakeFiles/cmTryCompileExec3732351018.dir/build.make CMakeFiles/cmTryCompileExec3732351018.dir/build
gmake[1]: Entering directory `/uufs/chpc.utah.edu/common/home/u0401321/TenX/bin/CMakeFiles/CMakeTmp'
/usr/bin/cmake -E cmake_progress_report /uufs/chpc.utah.edu/common/home/u0401321/TenX/bin/CMakeFiles/CMakeTmp/CMakeFiles 1
Building C object CMakeFiles/cmTryCompileExec3732351018.dir/testCCompiler.c.o
/uufs/chpc.utah.edu/sys/installdir/gcc/4.9.2/bin/gcc    -o CMakeFiles/cmTryCompileExec3732351018.dir/testCCompiler.c.o   -c /uufs/chpc.utah.edu/common/home/u0401321/TenX/bin/CMakeFiles/CMakeTmp/testCCompiler.c
Linking C executable cmTryCompileExec3732351018
/usr/bin/cmake -E cmake_link_script CMakeFiles/cmTryCompileExec3732351018.dir/link.txt --verbose=1
/uufs/chpc.utah.edu/sys/installdir/gcc/4.9.2/bin/gcc       CMakeFiles/cmTryCompileExec3732351018.dir/testCCompiler.c.o  -o cmTryCompileExec3732351018 -rdynamic 
gmake[1]: Leaving directory `/uufs/chpc.utah.edu/common/home/u0401321/TenX/bin/CMakeFiles/CMakeTmp'


Detecting C compiler ABI info compiled with the following output:
Change Dir: /uufs/chpc.utah.edu/common/home/u0401321/TenX/bin/CMakeFiles/CMakeTmp

Run Build Command:/usr/bin/gmake "cmTryCompileExec4280239671/fast"
/usr/bin/gmake -f CMakeFiles/cmTryCompileExec4280239671.dir/build.make CMakeFiles/cmTryCompileExec4280239671.dir/build
gmake[1]: Entering directory `/uufs/chpc.utah.edu/common/home/u0401321/TenX/bin/CMakeFiles/CMakeTmp'
/usr/bin/cmake -E cmake_progress_report /uufs/chpc.utah.edu/common/home/u0401321/TenX/bin/CMakeFiles/CMakeTmp/CMakeFiles 1
Building C object CMakeFiles/cmTryCompileExec4280239671.dir/CMakeCCompilerABI.c.o
/uufs/chpc.utah.edu/sys/installdir/gcc/4.9.2/bin/gcc    -o CMakeFiles/cmTryCompileExec4280239671.dir/CMakeCCompilerABI.c.o   -c /usr/share/cmake/Modules/CMakeCCompilerABI.c
Linking C executable cmTryCompileExec4280239671
/usr/bin/cmake -E cmake_link_script CMakeFiles/cmTryCompileExec4280239671.dir/link.txt --verbose=1
/uufs/chpc.utah.edu/sys/installdir/gcc/4.9.2/bin/gcc     -v CMakeFiles/cmTryCompileExec4280239671.dir/CMakeCCompilerABI.c.o  -o cmTryCompileExec4280239671 -rdynamic  
Using built-in specs.
COLLECT_GCC=/uufs/chpc.utah.edu/sys/installdir/gcc/4.9.2/bin/gcc
COLLECT_LTO_WRAPPER=/uufs/chpc.utah.edu/sys/installdir/gcc/4.9.2/libexec/gcc/x86_64-unknown-linux-gnu/4.9.2/lto-wrapper
Target: x86_64-unknown-linux-gnu
Configured with: ../../../srcdir/gcc/4.9.2/configure --prefix=/uufs/chpc.utah.edu/sys/installdir/gcc/4.9.2 --enable-languages=ada,c,c++,fortran,java,go,objc,obj-c++ --enable-shared --enable-threads=posix --enable-clocale=gnu --with-system-zlib --with-gmp=/uufs/chpc.utah.edu/sys/pkg/gmp/6.0.0a --with-mpfr=/uufs/chpc.utah.edu/sys/pkg/mpfr/3.1.2 --with-mpc=/uufs/chpc.utah.edu/sys/pkg/mpc/1.0.3
Thread model: posix
gcc version 4.9.2 (GCC) 
COMPILER_PATH=/uufs/chpc.utah.edu/sys/installdir/gcc/4.9.2/libexec/gcc/x86_64-unknown-linux-gnu/4.9.2/:/uufs/chpc.utah.edu/sys/installdir/gcc/4.9.2/libexec/gcc/x86_64-unknown-linux-gnu/4.9.2/:/uufs/chpc.utah.edu/sys/installdir/gcc/4.9.2/libexec/gcc/x86_64-unknown-linux-gnu/:/uufs/chpc.utah.edu/sys/installdir/gcc/4.9.2/lib/gcc/x86_64-unknown-linux-gnu/4.9.2/:/uufs/chpc.utah.edu/sys/installdir/gcc/4.9.2/lib/gcc/x86_64-unknown-linux-gnu/
LIBRARY_PATH=/uufs/chpc.utah.edu/sys/installdir/gcc/4.9.2/lib/gcc/x86_64-unknown-linux-gnu/4.9.2/:/uufs/chpc.utah.edu/sys/installdir/gcc/4.9.2/lib/gcc/x86_64-unknown-linux-gnu/4.9.2/../../../../lib64/:/lib/../lib64/:/usr/lib/../lib64/:/uufs/chpc.utah.edu/sys/installdir/intel/compilers_and_libraries_2016.3.210/linux/ipp/lib/intel64/:/uufs/chpc.utah.edu/sys/installdir/intel/compilers_and_libraries_2016.3.210/linux/compiler/lib/intel64/:/uufs/chpc.utah.edu/sys/installdir/intel/compilers_and_libraries_2016.3.210/linux/mkl/lib/intel64/:/uufs/chpc.utah.edu/sys/installdir/intel/compilers_and_libraries_2016.3.210/linux/tbb/lib/intel64/gcc4.4/:/uufs/chpc.utah.edu/sys/installdir/intel/compilers_and_libraries_2016.3.210/linux/daal/lib/intel64_lin/:/uufs/chpc.utah.edu/sys/installdir/intel/compilers_and_libraries_2016.3.210/linux/compiler/lib/intel64_lin/:/uufs/chpc.utah.edu/sys/installdir/gcc/4.9.2/lib/gcc/x86_64-unknown-linux-gnu/4.9.2/../../../:/lib/:/usr/lib/
COLLECT_GCC_OPTIONS='-v' '-o' 'cmTryCompileExec4280239671' '-rdynamic' '-mtune=generic' '-march=x86-64'
 /uufs/chpc.utah.edu/sys/installdir/gcc/4.9.2/libexec/gcc/x86_64-unknown-linux-gnu/4.9.2/collect2 --eh-frame-hdr -m elf_x86_64 -export-dynamic -dynamic-linker /lib64/ld-linux-x86-64.so.2 -o cmTryCompileExec4280239671 /usr/lib/../lib64/crt1.o /usr/lib/../lib64/crti.o /uufs/chpc.utah.edu/sys/installdir/gcc/4.9.2/lib/gcc/x86_64-unknown-linux-gnu/4.9.2/crtbegin.o -L/uufs/chpc.utah.edu/sys/installdir/gcc/4.9.2/lib/gcc/x86_64-unknown-linux-gnu/4.9.2 -L/uufs/chpc.utah.edu/sys/installdir/gcc/4.9.2/lib/gcc/x86_64-unknown-linux-gnu/4.9.2/../../../../lib64 -L/lib/../lib64 -L/usr/lib/../lib64 -L/uufs/chpc.utah.edu/sys/installdir/intel/compilers_and_libraries_2016.3.210/linux/ipp/lib/intel64 -L/uufs/chpc.utah.edu/sys/installdir/intel/compilers_and_libraries_2016.3.210/linux/compiler/lib/intel64 -L/uufs/chpc.utah.edu/sys/installdir/intel/compilers_and_libraries_2016.3.210/linux/mkl/lib/intel64 -L/uufs/chpc.utah.edu/sys/installdir/intel/compilers_and_libraries_2016.3.210/linux/tbb/lib/intel64/gcc4.4 -L/uufs/chpc.utah.edu/sys/installdir/intel/compilers_and_libraries_2016.3.210/linux/daal/lib/intel64_lin -L/uufs/chpc.utah.edu/sys/installdir/intel/compilers_and_libraries_2016.3.210/linux/compiler/lib/intel64_lin -L/uufs/chpc.utah.edu/sys/installdir/gcc/4.9.2/lib/gcc/x86_64-unknown-linux-gnu/4.9.2/../../.. CMakeFiles/cmTryCompileExec4280239671.dir/CMakeCCompilerABI.c.o -lgcc --as-needed -lgcc_s --no-as-needed -lc -lgcc --as-needed -lgcc_s --no-as-needed /uufs/chpc.utah.edu/sys/installdir/gcc/4.9.2/lib/gcc/x86_64-unknown-linux-gnu/4.9.2/crtend.o /usr/lib/../lib64/crtn.o
gmake[1]: Leaving directory `/uufs/chpc.utah.edu/common/home/u0401321/TenX/bin/CMakeFiles/CMakeTmp'


Parsed C implicit link information from above output:
  link line regex: [^( *|.*[/\])(ld|([^/\]+-)?ld|collect2)[^/\]*( |$)]
  ignore line: [Change Dir: /uufs/chpc.utah.edu/common/home/u0401321/TenX/bin/CMakeFiles/CMakeTmp]
  ignore line: []
  ignore line: [Run Build Command:/usr/bin/gmake "cmTryCompileExec4280239671/fast"]
  ignore line: [/usr/bin/gmake -f CMakeFiles/cmTryCompileExec4280239671.dir/build.make CMakeFiles/cmTryCompileExec4280239671.dir/build]
  ignore line: [gmake[1]: Entering directory `/uufs/chpc.utah.edu/common/home/u0401321/TenX/bin/CMakeFiles/CMakeTmp']
  ignore line: [/usr/bin/cmake -E cmake_progress_report /uufs/chpc.utah.edu/common/home/u0401321/TenX/bin/CMakeFiles/CMakeTmp/CMakeFiles 1]
  ignore line: [Building C object CMakeFiles/cmTryCompileExec4280239671.dir/CMakeCCompilerABI.c.o]
  ignore line: [/uufs/chpc.utah.edu/sys/installdir/gcc/4.9.2/bin/gcc    -o CMakeFiles/cmTryCompileExec4280239671.dir/CMakeCCompilerABI.c.o   -c /usr/share/cmake/Modules/CMakeCCompilerABI.c]
  ignore line: [Linking C executable cmTryCompileExec4280239671]
  ignore line: [/usr/bin/cmake -E cmake_link_script CMakeFiles/cmTryCompileExec4280239671.dir/link.txt --verbose=1]
  ignore line: [/uufs/chpc.utah.edu/sys/installdir/gcc/4.9.2/bin/gcc     -v CMakeFiles/cmTryCompileExec4280239671.dir/CMakeCCompilerABI.c.o  -o cmTryCompileExec4280239671 -rdynamic  ]
  ignore line: [Using built-in specs.]
  ignore line: [COLLECT_GCC=/uufs/chpc.utah.edu/sys/installdir/gcc/4.9.2/bin/gcc]
  ignore line: [COLLECT_LTO_WRAPPER=/uufs/chpc.utah.edu/sys/installdir/gcc/4.9.2/libexec/gcc/x86_64-unknown-linux-gnu/4.9.2/lto-wrapper]
  ignore line: [Target: x86_64-unknown-linux-gnu]
  ignore line: [Configured with: ../../../srcdir/gcc/4.9.2/configure --prefix=/uufs/chpc.utah.edu/sys/installdir/gcc/4.9.2 --enable-languages=ada,c,c++,fortran,java,go,objc,obj-c++ --enable-shared --enable-threads=posix --enable-clocale=gnu --with-system-zlib --with-gmp=/uufs/chpc.utah.edu/sys/pkg/gmp/6.0.0a --with-mpfr=/uufs/chpc.utah.edu/sys/pkg/mpfr/3.1.2 --with-mpc=/uufs/chpc.utah.edu/sys/pkg/mpc/1.0.3]
  ignore line: [Thread model: posix]
  ignore line: [gcc version 4.9.2 (GCC) ]
  ignore line: [COMPILER_PATH=/uufs/chpc.utah.edu/sys/installdir/gcc/4.9.2/libexec/gcc/x86_64-unknown-linux-gnu/4.9.2/:/uufs/chpc.utah.edu/sys/installdir/gcc/4.9.2/libexec/gcc/x86_64-unknown-linux-gnu/4.9.2/:/uufs/chpc.utah.edu/sys/installdir/gcc/4.9.2/libexec/gcc/x86_64-unknown-linux-gnu/:/uufs/chpc.utah.edu/sys/installdir/gcc/4.9.2/lib/gcc/x86_64-unknown-linux-gnu/4.9.2/:/uufs/chpc.utah.edu/sys/installdir/gcc/4.9.2/lib/gcc/x86_64-unknown-linux-gnu/]
  ignore line: [LIBRARY_PATH=/uufs/chpc.utah.edu/sys/installdir/gcc/4.9.2/lib/gcc/x86_64-unknown-linux-gnu/4.9.2/:/uufs/chpc.utah.edu/sys/installdir/gcc/4.9.2/lib/gcc/x86_64-unknown-linux-gnu/4.9.2/../../../../lib64/:/lib/../lib64/:/usr/lib/../lib64/:/uufs/chpc.utah.edu/sys/installdir/intel/compilers_and_libraries_2016.3.210/linux/ipp/lib/intel64/:/uufs/chpc.utah.edu/sys/installdir/intel/compilers_and_libraries_2016.3.210/linux/compiler/lib/intel64/:/uufs/chpc.utah.edu/sys/installdir/intel/compilers_and_libraries_2016.3.210/linux/mkl/lib/intel64/:/uufs/chpc.utah.edu/sys/installdir/intel/compilers_and_libraries_2016.3.210/linux/tbb/lib/intel64/gcc4.4/:/uufs/chpc.utah.edu/sys/installdir/intel/compilers_and_libraries_2016.3.210/linux/daal/lib/intel64_lin/:/uufs/chpc.utah.edu/sys/installdir/intel/compilers_and_libraries_2016.3.210/linux/compiler/lib/intel64_lin/:/uufs/chpc.utah.edu/sys/installdir/gcc/4.9.2/lib/gcc/x86_64-unknown-linux-gnu/4.9.2/../../../:/lib/:/usr/lib/]
  ignore line: [COLLECT_GCC_OPTIONS='-v' '-o' 'cmTryCompileExec4280239671' '-rdynamic' '-mtune=generic' '-march=x86-64']
  link line: [ /uufs/chpc.utah.edu/sys/installdir/gcc/4.9.2/libexec/gcc/x86_64-unknown-linux-gnu/4.9.2/collect2 --eh-frame-hdr -m elf_x86_64 -export-dynamic -dynamic-linker /lib64/ld-linux-x86-64.so.2 -o cmTryCompileExec4280239671 /usr/lib/../lib64/crt1.o /usr/lib/../lib64/crti.o /uufs/chpc.utah.edu/sys/installdir/gcc/4.9.2/lib/gcc/x86_64-unknown-linux-gnu/4.9.2/crtbegin.o -L/uufs/chpc.utah.edu/sys/installdir/gcc/4.9.2/lib/gcc/x86_64-unknown-linux-gnu/4.9.2 -L/uufs/chpc.utah.edu/sys/installdir/gcc/4.9.2/lib/gcc/x86_64-unknown-linux-gnu/4.9.2/../../../../lib64 -L/lib/../lib64 -L/usr/lib/../lib64 -L/uufs/chpc.utah.edu/sys/installdir/intel/compilers_and_libraries_2016.3.210/linux/ipp/lib/intel64 -L/uufs/chpc.utah.edu/sys/installdir/intel/compilers_and_libraries_2016.3.210/linux/compiler/lib/intel64 -L/uufs/chpc.utah.edu/sys/installdir/intel/compilers_and_libraries_2016.3.210/linux/mkl/lib/intel64 -L/uufs/chpc.utah.edu/sys/installdir/intel/compilers_and_libraries_2016.3.210/linux/tbb/lib/intel64/gcc4.4 -L/uufs/chpc.utah.edu/sys/installdir/intel/compilers_and_libraries_2016.3.210/linux/daal/lib/intel64_lin -L/uufs/chpc.utah.edu/sys/installdir/intel/compilers_and_libraries_2016.3.210/linux/compiler/lib/intel64_lin -L/uufs/chpc.utah.edu/sys/installdir/gcc/4.9.2/lib/gcc/x86_64-unknown-linux-gnu/4.9.2/../../.. CMakeFiles/cmTryCompileExec4280239671.dir/CMakeCCompilerABI.c.o -lgcc --as-needed -lgcc_s --no-as-needed -lc -lgcc --as-needed -lgcc_s --no-as-needed /uufs/chpc.utah.edu/sys/installdir/gcc/4.9.2/lib/gcc/x86_64-unknown-linux-gnu/4.9.2/crtend.o /usr/lib/../lib64/crtn.o]
    arg [/uufs/chpc.utah.edu/sys/installdir/gcc/4.9.2/libexec/gcc/x86_64-unknown-linux-gnu/4.9.2/collect2] ==> ignore
    arg [--eh-frame-hdr] ==> ignore
    arg [-m] ==> ignore
    arg [elf_x86_64] ==> ignore
    arg [-export-dynamic] ==> ignore
    arg [-dynamic-linker] ==> ignore
    arg [/lib64/ld-linux-x86-64.so.2] ==> ignore
    arg [-o] ==> ignore
    arg [cmTryCompileExec4280239671] ==> ignore
    arg [/usr/lib/../lib64/crt1.o] ==> ignore
    arg [/usr/lib/../lib64/crti.o] ==> ignore
    arg [/uufs/chpc.utah.edu/sys/installdir/gcc/4.9.2/lib/gcc/x86_64-unknown-linux-gnu/4.9.2/crtbegin.o] ==> ignore
    arg [-L/uufs/chpc.utah.edu/sys/installdir/gcc/4.9.2/lib/gcc/x86_64-unknown-linux-gnu/4.9.2] ==> dir [/uufs/chpc.utah.edu/sys/installdir/gcc/4.9.2/lib/gcc/x86_64-unknown-linux-gnu/4.9.2]
    arg [-L/uufs/chpc.utah.edu/sys/installdir/gcc/4.9.2/lib/gcc/x86_64-unknown-linux-gnu/4.9.2/../../../../lib64] ==> dir [/uufs/chpc.utah.edu/sys/installdir/gcc/4.9.2/lib/gcc/x86_64-unknown-linux-gnu/4.9.2/../../../../lib64]
    arg [-L/lib/../lib64] ==> dir [/lib/../lib64]
    arg [-L/usr/lib/../lib64] ==> dir [/usr/lib/../lib64]
    arg [-L/uufs/chpc.utah.edu/sys/installdir/intel/compilers_and_libraries_2016.3.210/linux/ipp/lib/intel64] ==> dir [/uufs/chpc.utah.edu/sys/installdir/intel/compilers_and_libraries_2016.3.210/linux/ipp/lib/intel64]
    arg [-L/uufs/chpc.utah.edu/sys/installdir/intel/compilers_and_libraries_2016.3.210/linux/compiler/lib/intel64] ==> dir [/uufs/chpc.utah.edu/sys/installdir/intel/compilers_and_libraries_2016.3.210/linux/compiler/lib/intel64]
    arg [-L/uufs/chpc.utah.edu/sys/installdir/intel/compilers_and_libraries_2016.3.210/linux/mkl/lib/intel64] ==> dir [/uufs/chpc.utah.edu/sys/installdir/intel/compilers_and_libraries_2016.3.210/linux/mkl/lib/intel64]
    arg [-L/uufs/chpc.utah.edu/sys/installdir/intel/compilers_and_libraries_2016.3.210/linux/tbb/lib/intel64/gcc4.4] ==> dir [/uufs/chpc.utah.edu/sys/installdir/intel/compilers_and_libraries_2016.3.210/linux/tbb/lib/intel64/gcc4.4]
    arg [-L/uufs/chpc.utah.edu/sys/installdir/intel/compilers_and_libraries_2016.3.210/linux/daal/lib/intel64_lin] ==> dir [/uufs/chpc.utah.edu/sys/installdir/intel/compilers_and_libraries_2016.3.210/linux/daal/lib/intel64_lin]
    arg [-L/uufs/chpc.utah.edu/sys/installdir/intel/compilers_and_libraries_2016.3.210/linux/compiler/lib/intel64_lin] ==> dir [/uufs/chpc.utah.edu/sys/installdir/intel/compilers_and_libraries_2016.3.210/linux/compiler/lib/intel64_lin]
    arg [-L/uufs/chpc.utah.edu/sys/installdir/gcc/4.9.2/lib/gcc/x86_64-unknown-linux-gnu/4.9.2/../../..] ==> dir [/uufs/chpc.utah.edu/sys/installdir/gcc/4.9.2/lib/gcc/x86_64-unknown-linux-gnu/4.9.2/../../..]
    arg [CMakeFiles/cmTryCompileExec4280239671.dir/CMakeCCompilerABI.c.o] ==> ignore
    arg [-lgcc] ==> lib [gcc]
    arg [--as-needed] ==> ignore
    arg [-lgcc_s] ==> lib [gcc_s]
    arg [--no-as-needed] ==> ignore
    arg [-lc] ==> lib [c]
    arg [-lgcc] ==> lib [gcc]
    arg [--as-needed] ==> ignore
    arg [-lgcc_s] ==> lib [gcc_s]
    arg [--no-as-needed] ==> ignore
    arg [/uufs/chpc.utah.edu/sys/installdir/gcc/4.9.2/lib/gcc/x86_64-unknown-linux-gnu/4.9.2/crtend.o] ==> ignore
    arg [/usr/lib/../lib64/crtn.o] ==> ignore
  remove lib [gcc]
  remove lib [gcc_s]
  remove lib [gcc]
  remove lib [gcc_s]
  collapse library dir [/uufs/chpc.utah.edu/sys/installdir/gcc/4.9.2/lib/gcc/x86_64-unknown-linux-gnu/4.9.2] ==> [/uufs/chpc.utah.edu/sys/installdir/gcc/4.9.2/lib/gcc/x86_64-unknown-linux-gnu/4.9.2]
  collapse library dir [/uufs/chpc.utah.edu/sys/installdir/gcc/4.9.2/lib/gcc/x86_64-unknown-linux-gnu/4.9.2/../../../../lib64] ==> [/uufs/chpc.utah.edu/sys/installdir/gcc/4.9.2/lib64]
  collapse library dir [/lib/../lib64] ==> [/lib64]
  collapse library dir [/usr/lib/../lib64] ==> [/usr/lib64]
  collapse library dir [/uufs/chpc.utah.edu/sys/installdir/intel/compilers_and_libraries_2016.3.210/linux/ipp/lib/intel64] ==> [/uufs/chpc.utah.edu/sys/installdir/intel/compilers_and_libraries_2016.3.210/linux/ipp/lib/intel64]
  collapse library dir [/uufs/chpc.utah.edu/sys/installdir/intel/compilers_and_libraries_2016.3.210/linux/compiler/lib/intel64] ==> [/uufs/chpc.utah.edu/sys/installdir/intel/compilers_and_libraries_2016.3.210/linux/compiler/lib/intel64]
  collapse library dir [/uufs/chpc.utah.edu/sys/installdir/intel/compilers_and_libraries_2016.3.210/linux/mkl/lib/intel64] ==> [/uufs/chpc.utah.edu/sys/installdir/intel/compilers_and_libraries_2016.3.210/linux/mkl/lib/intel64]
  collapse library dir [/uufs/chpc.utah.edu/sys/installdir/intel/compilers_and_libraries_2016.3.210/linux/tbb/lib/intel64/gcc4.4] ==> [/uufs/chpc.utah.edu/sys/installdir/intel/compilers_and_libraries_2016.3.210/linux/tbb/lib/intel64/gcc4.4]
  collapse library dir [/uufs/chpc.utah.edu/sys/installdir/intel/compilers_and_libraries_2016.3.210/linux/daal/lib/intel64_lin] ==> [/uufs/chpc.utah.edu/sys/installdir/intel/compilers_and_libraries_2016.3.210/linux/daal/lib/intel64_lin]
  collapse library dir [/uufs/chpc.utah.edu/sys/installdir/intel/compilers_and_libraries_2016.3.210/linux/compiler/lib/intel64_lin] ==> [/uufs/chpc.utah.edu/sys/installdir/intel/compilers_and_libraries_2016.3.210/linux/compiler/lib/intel64_lin]
  collapse library dir [/uufs/chpc.utah.edu/sys/installdir/gcc/4.9.2/lib/gcc/x86_64-unknown-linux-gnu/4.9.2/../../..] ==> [/uufs/chpc.utah.edu/sys/installdir/gcc/4.9.2/lib]
  implicit libs: [c]
  implicit dirs: [/uufs/chpc.utah.edu/sys/installdir/gcc/4.9.2/lib/gcc/x86_64-unknown-linux-gnu/4.9.2;/uufs/chpc.utah.edu/sys/installdir/gcc/4.9.2/lib64;/lib64;/usr/lib64;/uufs/chpc.utah.edu/sys/installdir/intel/compilers_and_libraries_2016.3.210/linux/ipp/lib/intel64;/uufs/chpc.utah.edu/sys/installdir/intel/compilers_and_libraries_2016.3.210/linux/compiler/lib/intel64;/uufs/chpc.utah.edu/sys/installdir/intel/compilers_and_libraries_2016.3.210/linux/mkl/lib/intel64;/uufs/chpc.utah.edu/sys/installdir/intel/compilers_and_libraries_2016.3.210/linux/tbb/lib/intel64/gcc4.4;/uufs/chpc.utah.edu/sys/installdir/intel/compilers_and_libraries_2016.3.210/linux/daal/lib/intel64_lin;/uufs/chpc.utah.edu/sys/installdir/intel/compilers_and_libraries_2016.3.210/linux/compiler/lib/intel64_lin;/uufs/chpc.utah.edu/sys/installdir/gcc/4.9.2/lib]
  implicit fwks: []


Determining if the CXX compiler works passed with the following output:
Change Dir: /uufs/chpc.utah.edu/common/home/u0401321/TenX/bin/CMakeFiles/CMakeTmp

Run Build Command:/usr/bin/gmake "cmTryCompileExec2176842932/fast"
/usr/bin/gmake -f CMakeFiles/cmTryCompileExec2176842932.dir/build.make CMakeFiles/cmTryCompileExec2176842932.dir/build
gmake[1]: Entering directory `/uufs/chpc.utah.edu/common/home/u0401321/TenX/bin/CMakeFiles/CMakeTmp'
/usr/bin/cmake -E cmake_progress_report /uufs/chpc.utah.edu/common/home/u0401321/TenX/bin/CMakeFiles/CMakeTmp/CMakeFiles 1
Building CXX object CMakeFiles/cmTryCompileExec2176842932.dir/testCXXCompiler.cxx.o
/uufs/chpc.utah.edu/sys/installdir/gcc/4.9.2/bin/g++     -o CMakeFiles/cmTryCompileExec2176842932.dir/testCXXCompiler.cxx.o -c /uufs/chpc.utah.edu/common/home/u0401321/TenX/bin/CMakeFiles/CMakeTmp/testCXXCompiler.cxx
Linking CXX executable cmTryCompileExec2176842932
/usr/bin/cmake -E cmake_link_script CMakeFiles/cmTryCompileExec2176842932.dir/link.txt --verbose=1
/uufs/chpc.utah.edu/sys/installdir/gcc/4.9.2/bin/g++        CMakeFiles/cmTryCompileExec2176842932.dir/testCXXCompiler.cxx.o  -o cmTryCompileExec2176842932 -rdynamic 
gmake[1]: Leaving directory `/uufs/chpc.utah.edu/common/home/u0401321/TenX/bin/CMakeFiles/CMakeTmp'


Detecting CXX compiler ABI info compiled with the following output:
Change Dir: /uufs/chpc.utah.edu/common/home/u0401321/TenX/bin/CMakeFiles/CMakeTmp

Run Build Command:/usr/bin/gmake "cmTryCompileExec3284497005/fast"
/usr/bin/gmake -f CMakeFiles/cmTryCompileExec3284497005.dir/build.make CMakeFiles/cmTryCompileExec3284497005.dir/build
gmake[1]: Entering directory `/uufs/chpc.utah.edu/common/home/u0401321/TenX/bin/CMakeFiles/CMakeTmp'
/usr/bin/cmake -E cmake_progress_report /uufs/chpc.utah.edu/common/home/u0401321/TenX/bin/CMakeFiles/CMakeTmp/CMakeFiles 1
Building CXX object CMakeFiles/cmTryCompileExec3284497005.dir/CMakeCXXCompilerABI.cpp.o
/uufs/chpc.utah.edu/sys/installdir/gcc/4.9.2/bin/g++     -o CMakeFiles/cmTryCompileExec3284497005.dir/CMakeCXXCompilerABI.cpp.o -c /usr/share/cmake/Modules/CMakeCXXCompilerABI.cpp
Linking CXX executable cmTryCompileExec3284497005
/usr/bin/cmake -E cmake_link_script CMakeFiles/cmTryCompileExec3284497005.dir/link.txt --verbose=1
/uufs/chpc.utah.edu/sys/installdir/gcc/4.9.2/bin/g++      -v CMakeFiles/cmTryCompileExec3284497005.dir/CMakeCXXCompilerABI.cpp.o  -o cmTryCompileExec3284497005 -rdynamic  
Using built-in specs.
COLLECT_GCC=/uufs/chpc.utah.edu/sys/installdir/gcc/4.9.2/bin/g++
COLLECT_LTO_WRAPPER=/uufs/chpc.utah.edu/sys/installdir/gcc/4.9.2/libexec/gcc/x86_64-unknown-linux-gnu/4.9.2/lto-wrapper
Target: x86_64-unknown-linux-gnu
Configured with: ../../../srcdir/gcc/4.9.2/configure --prefix=/uufs/chpc.utah.edu/sys/installdir/gcc/4.9.2 --enable-languages=ada,c,c++,fortran,java,go,objc,obj-c++ --enable-shared --enable-threads=posix --enable-clocale=gnu --with-system-zlib --with-gmp=/uufs/chpc.utah.edu/sys/pkg/gmp/6.0.0a --with-mpfr=/uufs/chpc.utah.edu/sys/pkg/mpfr/3.1.2 --with-mpc=/uufs/chpc.utah.edu/sys/pkg/mpc/1.0.3
Thread model: posix
gcc version 4.9.2 (GCC) 
COMPILER_PATH=/uufs/chpc.utah.edu/sys/installdir/gcc/4.9.2/libexec/gcc/x86_64-unknown-linux-gnu/4.9.2/:/uufs/chpc.utah.edu/sys/installdir/gcc/4.9.2/libexec/gcc/x86_64-unknown-linux-gnu/4.9.2/:/uufs/chpc.utah.edu/sys/installdir/gcc/4.9.2/libexec/gcc/x86_64-unknown-linux-gnu/:/uufs/chpc.utah.edu/sys/installdir/gcc/4.9.2/lib/gcc/x86_64-unknown-linux-gnu/4.9.2/:/uufs/chpc.utah.edu/sys/installdir/gcc/4.9.2/lib/gcc/x86_64-unknown-linux-gnu/
LIBRARY_PATH=/uufs/chpc.utah.edu/sys/installdir/gcc/4.9.2/lib/gcc/x86_64-unknown-linux-gnu/4.9.2/:/uufs/chpc.utah.edu/sys/installdir/gcc/4.9.2/lib/gcc/x86_64-unknown-linux-gnu/4.9.2/../../../../lib64/:/lib/../lib64/:/usr/lib/../lib64/:/uufs/chpc.utah.edu/sys/installdir/intel/compilers_and_libraries_2016.3.210/linux/ipp/lib/intel64/:/uufs/chpc.utah.edu/sys/installdir/intel/compilers_and_libraries_2016.3.210/linux/compiler/lib/intel64/:/uufs/chpc.utah.edu/sys/installdir/intel/compilers_and_libraries_2016.3.210/linux/mkl/lib/intel64/:/uufs/chpc.utah.edu/sys/installdir/intel/compilers_and_libraries_2016.3.210/linux/tbb/lib/intel64/gcc4.4/:/uufs/chpc.utah.edu/sys/installdir/intel/compilers_and_libraries_2016.3.210/linux/daal/lib/intel64_lin/:/uufs/chpc.utah.edu/sys/installdir/intel/compilers_and_libraries_2016.3.210/linux/compiler/lib/intel64_lin/:/uufs/chpc.utah.edu/sys/installdir/gcc/4.9.2/lib/gcc/x86_64-unknown-linux-gnu/4.9.2/../../../:/lib/:/usr/lib/
COLLECT_GCC_OPTIONS='-v' '-o' 'cmTryCompileExec3284497005' '-rdynamic' '-shared-libgcc' '-mtune=generic' '-march=x86-64'
 /uufs/chpc.utah.edu/sys/installdir/gcc/4.9.2/libexec/gcc/x86_64-unknown-linux-gnu/4.9.2/collect2 --eh-frame-hdr -m elf_x86_64 -export-dynamic -dynamic-linker /lib64/ld-linux-x86-64.so.2 -o cmTryCompileExec3284497005 /usr/lib/../lib64/crt1.o /usr/lib/../lib64/crti.o /uufs/chpc.utah.edu/sys/installdir/gcc/4.9.2/lib/gcc/x86_64-unknown-linux-gnu/4.9.2/crtbegin.o -L/uufs/chpc.utah.edu/sys/installdir/gcc/4.9.2/lib/gcc/x86_64-unknown-linux-gnu/4.9.2 -L/uufs/chpc.utah.edu/sys/installdir/gcc/4.9.2/lib/gcc/x86_64-unknown-linux-gnu/4.9.2/../../../../lib64 -L/lib/../lib64 -L/usr/lib/../lib64 -L/uufs/chpc.utah.edu/sys/installdir/intel/compilers_and_libraries_2016.3.210/linux/ipp/lib/intel64 -L/uufs/chpc.utah.edu/sys/installdir/intel/compilers_and_libraries_2016.3.210/linux/compiler/lib/intel64 -L/uufs/chpc.utah.edu/sys/installdir/intel/compilers_and_libraries_2016.3.210/linux/mkl/lib/intel64 -L/uufs/chpc.utah.edu/sys/installdir/intel/compilers_and_libraries_2016.3.210/linux/tbb/lib/intel64/gcc4.4 -L/uufs/chpc.utah.edu/sys/installdir/intel/compilers_and_libraries_2016.3.210/linux/daal/lib/intel64_lin -L/uufs/chpc.utah.edu/sys/installdir/intel/compilers_and_libraries_2016.3.210/linux/compiler/lib/intel64_lin -L/uufs/chpc.utah.edu/sys/installdir/gcc/4.9.2/lib/gcc/x86_64-unknown-linux-gnu/4.9.2/../../.. CMakeFiles/cmTryCompileExec3284497005.dir/CMakeCXXCompilerABI.cpp.o -lstdc++ -lm -lgcc_s -lgcc -lc -lgcc_s -lgcc /uufs/chpc.utah.edu/sys/installdir/gcc/4.9.2/lib/gcc/x86_64-unknown-linux-gnu/4.9.2/crtend.o /usr/lib/../lib64/crtn.o
gmake[1]: Leaving directory `/uufs/chpc.utah.edu/common/home/u0401321/TenX/bin/CMakeFiles/CMakeTmp'


Parsed CXX implicit link information from above output:
  link line regex: [^( *|.*[/\])(ld|([^/\]+-)?ld|collect2)[^/\]*( |$)]
  ignore line: [Change Dir: /uufs/chpc.utah.edu/common/home/u0401321/TenX/bin/CMakeFiles/CMakeTmp]
  ignore line: []
  ignore line: [Run Build Command:/usr/bin/gmake "cmTryCompileExec3284497005/fast"]
  ignore line: [/usr/bin/gmake -f CMakeFiles/cmTryCompileExec3284497005.dir/build.make CMakeFiles/cmTryCompileExec3284497005.dir/build]
  ignore line: [gmake[1]: Entering directory `/uufs/chpc.utah.edu/common/home/u0401321/TenX/bin/CMakeFiles/CMakeTmp']
  ignore line: [/usr/bin/cmake -E cmake_progress_report /uufs/chpc.utah.edu/common/home/u0401321/TenX/bin/CMakeFiles/CMakeTmp/CMakeFiles 1]
  ignore line: [Building CXX object CMakeFiles/cmTryCompileExec3284497005.dir/CMakeCXXCompilerABI.cpp.o]
  ignore line: [/uufs/chpc.utah.edu/sys/installdir/gcc/4.9.2/bin/g++     -o CMakeFiles/cmTryCompileExec3284497005.dir/CMakeCXXCompilerABI.cpp.o -c /usr/share/cmake/Modules/CMakeCXXCompilerABI.cpp]
  ignore line: [Linking CXX executable cmTryCompileExec3284497005]
  ignore line: [/usr/bin/cmake -E cmake_link_script CMakeFiles/cmTryCompileExec3284497005.dir/link.txt --verbose=1]
  ignore line: [/uufs/chpc.utah.edu/sys/installdir/gcc/4.9.2/bin/g++      -v CMakeFiles/cmTryCompileExec3284497005.dir/CMakeCXXCompilerABI.cpp.o  -o cmTryCompileExec3284497005 -rdynamic  ]
  ignore line: [Using built-in specs.]
  ignore line: [COLLECT_GCC=/uufs/chpc.utah.edu/sys/installdir/gcc/4.9.2/bin/g++]
  ignore line: [COLLECT_LTO_WRAPPER=/uufs/chpc.utah.edu/sys/installdir/gcc/4.9.2/libexec/gcc/x86_64-unknown-linux-gnu/4.9.2/lto-wrapper]
  ignore line: [Target: x86_64-unknown-linux-gnu]
  ignore line: [Configured with: ../../../srcdir/gcc/4.9.2/configure --prefix=/uufs/chpc.utah.edu/sys/installdir/gcc/4.9.2 --enable-languages=ada,c,c++,fortran,java,go,objc,obj-c++ --enable-shared --enable-threads=posix --enable-clocale=gnu --with-system-zlib --with-gmp=/uufs/chpc.utah.edu/sys/pkg/gmp/6.0.0a --with-mpfr=/uufs/chpc.utah.edu/sys/pkg/mpfr/3.1.2 --with-mpc=/uufs/chpc.utah.edu/sys/pkg/mpc/1.0.3]
  ignore line: [Thread model: posix]
  ignore line: [gcc version 4.9.2 (GCC) ]
  ignore line: [COMPILER_PATH=/uufs/chpc.utah.edu/sys/installdir/gcc/4.9.2/libexec/gcc/x86_64-unknown-linux-gnu/4.9.2/:/uufs/chpc.utah.edu/sys/installdir/gcc/4.9.2/libexec/gcc/x86_64-unknown-linux-gnu/4.9.2/:/uufs/chpc.utah.edu/sys/installdir/gcc/4.9.2/libexec/gcc/x86_64-unknown-linux-gnu/:/uufs/chpc.utah.edu/sys/installdir/gcc/4.9.2/lib/gcc/x86_64-unknown-linux-gnu/4.9.2/:/uufs/chpc.utah.edu/sys/installdir/gcc/4.9.2/lib/gcc/x86_64-unknown-linux-gnu/]
  ignore line: [LIBRARY_PATH=/uufs/chpc.utah.edu/sys/installdir/gcc/4.9.2/lib/gcc/x86_64-unknown-linux-gnu/4.9.2/:/uufs/chpc.utah.edu/sys/installdir/gcc/4.9.2/lib/gcc/x86_64-unknown-linux-gnu/4.9.2/../../../../lib64/:/lib/../lib64/:/usr/lib/../lib64/:/uufs/chpc.utah.edu/sys/installdir/intel/compilers_and_libraries_2016.3.210/linux/ipp/lib/intel64/:/uufs/chpc.utah.edu/sys/installdir/intel/compilers_and_libraries_2016.3.210/linux/compiler/lib/intel64/:/uufs/chpc.utah.edu/sys/installdir/intel/compilers_and_libraries_2016.3.210/linux/mkl/lib/intel64/:/uufs/chpc.utah.edu/sys/installdir/intel/compilers_and_libraries_2016.3.210/linux/tbb/lib/intel64/gcc4.4/:/uufs/chpc.utah.edu/sys/installdir/intel/compilers_and_libraries_2016.3.210/linux/daal/lib/intel64_lin/:/uufs/chpc.utah.edu/sys/installdir/intel/compilers_and_libraries_2016.3.210/linux/compiler/lib/intel64_lin/:/uufs/chpc.utah.edu/sys/installdir/gcc/4.9.2/lib/gcc/x86_64-unknown-linux-gnu/4.9.2/../../../:/lib/:/usr/lib/]
  ignore line: [COLLECT_GCC_OPTIONS='-v' '-o' 'cmTryCompileExec3284497005' '-rdynamic' '-shared-libgcc' '-mtune=generic' '-march=x86-64']
  link line: [ /uufs/chpc.utah.edu/sys/installdir/gcc/4.9.2/libexec/gcc/x86_64-unknown-linux-gnu/4.9.2/collect2 --eh-frame-hdr -m elf_x86_64 -export-dynamic -dynamic-linker /lib64/ld-linux-x86-64.so.2 -o cmTryCompileExec3284497005 /usr/lib/../lib64/crt1.o /usr/lib/../lib64/crti.o /uufs/chpc.utah.edu/sys/installdir/gcc/4.9.2/lib/gcc/x86_64-unknown-linux-gnu/4.9.2/crtbegin.o -L/uufs/chpc.utah.edu/sys/installdir/gcc/4.9.2/lib/gcc/x86_64-unknown-linux-gnu/4.9.2 -L/uufs/chpc.utah.edu/sys/installdir/gcc/4.9.2/lib/gcc/x86_64-unknown-linux-gnu/4.9.2/../../../../lib64 -L/lib/../lib64 -L/usr/lib/../lib64 -L/uufs/chpc.utah.edu/sys/installdir/intel/compilers_and_libraries_2016.3.210/linux/ipp/lib/intel64 -L/uufs/chpc.utah.edu/sys/installdir/intel/compilers_and_libraries_2016.3.210/linux/compiler/lib/intel64 -L/uufs/chpc.utah.edu/sys/installdir/intel/compilers_and_libraries_2016.3.210/linux/mkl/lib/intel64 -L/uufs/chpc.utah.edu/sys/installdir/intel/compilers_and_libraries_2016.3.210/linux/tbb/lib/intel64/gcc4.4 -L/uufs/chpc.utah.edu/sys/installdir/intel/compilers_and_libraries_2016.3.210/linux/daal/lib/intel64_lin -L/uufs/chpc.utah.edu/sys/installdir/intel/compilers_and_libraries_2016.3.210/linux/compiler/lib/intel64_lin -L/uufs/chpc.utah.edu/sys/installdir/gcc/4.9.2/lib/gcc/x86_64-unknown-linux-gnu/4.9.2/../../.. CMakeFiles/cmTryCompileExec3284497005.dir/CMakeCXXCompilerABI.cpp.o -lstdc++ -lm -lgcc_s -lgcc -lc -lgcc_s -lgcc /uufs/chpc.utah.edu/sys/installdir/gcc/4.9.2/lib/gcc/x86_64-unknown-linux-gnu/4.9.2/crtend.o /usr/lib/../lib64/crtn.o]
    arg [/uufs/chpc.utah.edu/sys/installdir/gcc/4.9.2/libexec/gcc/x86_64-unknown-linux-gnu/4.9.2/collect2] ==> ignore
    arg [--eh-frame-hdr] ==> ignore
    arg [-m] ==> ignore
    arg [elf_x86_64] ==> ignore
    arg [-export-dynamic] ==> ignore
    arg [-dynamic-linker] ==> ignore
    arg [/lib64/ld-linux-x86-64.so.2] ==> ignore
    arg [-o] ==> ignore
    arg [cmTryCompileExec3284497005] ==> ignore
    arg [/usr/lib/../lib64/crt1.o] ==> ignore
    arg [/usr/lib/../lib64/crti.o] ==> ignore
    arg [/uufs/chpc.utah.edu/sys/installdir/gcc/4.9.2/lib/gcc/x86_64-unknown-linux-gnu/4.9.2/crtbegin.o] ==> ignore
    arg [-L/uufs/chpc.utah.edu/sys/installdir/gcc/4.9.2/lib/gcc/x86_64-unknown-linux-gnu/4.9.2] ==> dir [/uufs/chpc.utah.edu/sys/installdir/gcc/4.9.2/lib/gcc/x86_64-unknown-linux-gnu/4.9.2]
    arg [-L/uufs/chpc.utah.edu/sys/installdir/gcc/4.9.2/lib/gcc/x86_64-unknown-linux-gnu/4.9.2/../../../../lib64] ==> dir [/uufs/chpc.utah.edu/sys/installdir/gcc/4.9.2/lib/gcc/x86_64-unknown-linux-gnu/4.9.2/../../../../lib64]
    arg [-L/lib/../lib64] ==> dir [/lib/../lib64]
    arg [-L/usr/lib/../lib64] ==> dir [/usr/lib/../lib64]
    arg [-L/uufs/chpc.utah.edu/sys/installdir/intel/compilers_and_libraries_2016.3.210/linux/ipp/lib/intel64] ==> dir [/uufs/chpc.utah.edu/sys/installdir/intel/compilers_and_libraries_2016.3.210/linux/ipp/lib/intel64]
    arg [-L/uufs/chpc.utah.edu/sys/installdir/intel/compilers_and_libraries_2016.3.210/linux/compiler/lib/intel64] ==> dir [/uufs/chpc.utah.edu/sys/installdir/intel/compilers_and_libraries_2016.3.210/linux/compiler/lib/intel64]
    arg [-L/uufs/chpc.utah.edu/sys/installdir/intel/compilers_and_libraries_2016.3.210/linux/mkl/lib/intel64] ==> dir [/uufs/chpc.utah.edu/sys/installdir/intel/compilers_and_libraries_2016.3.210/linux/mkl/lib/intel64]
    arg [-L/uufs/chpc.utah.edu/sys/installdir/intel/compilers_and_libraries_2016.3.210/linux/tbb/lib/intel64/gcc4.4] ==> dir [/uufs/chpc.utah.edu/sys/installdir/intel/compilers_and_libraries_2016.3.210/linux/tbb/lib/intel64/gcc4.4]
    arg [-L/uufs/chpc.utah.edu/sys/installdir/intel/compilers_and_libraries_2016.3.210/linux/daal/lib/intel64_lin] ==> dir [/uufs/chpc.utah.edu/sys/installdir/intel/compilers_and_libraries_2016.3.210/linux/daal/lib/intel64_lin]
    arg [-L/uufs/chpc.utah.edu/sys/installdir/intel/compilers_and_libraries_2016.3.210/linux/compiler/lib/intel64_lin] ==> dir [/uufs/chpc.utah.edu/sys/installdir/intel/compilers_and_libraries_2016.3.210/linux/compiler/lib/intel64_lin]
    arg [-L/uufs/chpc.utah.edu/sys/installdir/gcc/4.9.2/lib/gcc/x86_64-unknown-linux-gnu/4.9.2/../../..] ==> dir [/uufs/chpc.utah.edu/sys/installdir/gcc/4.9.2/lib/gcc/x86_64-unknown-linux-gnu/4.9.2/../../..]
    arg [CMakeFiles/cmTryCompileExec3284497005.dir/CMakeCXXCompilerABI.cpp.o] ==> ignore
    arg [-lstdc++] ==> lib [stdc++]
    arg [-lm] ==> lib [m]
    arg [-lgcc_s] ==> lib [gcc_s]
    arg [-lgcc] ==> lib [gcc]
    arg [-lc] ==> lib [c]
    arg [-lgcc_s] ==> lib [gcc_s]
    arg [-lgcc] ==> lib [gcc]
    arg [/uufs/chpc.utah.edu/sys/installdir/gcc/4.9.2/lib/gcc/x86_64-unknown-linux-gnu/4.9.2/crtend.o] ==> ignore
    arg [/usr/lib/../lib64/crtn.o] ==> ignore
  remove lib [gcc_s]
  remove lib [gcc]
  remove lib [gcc_s]
  remove lib [gcc]
  collapse library dir [/uufs/chpc.utah.edu/sys/installdir/gcc/4.9.2/lib/gcc/x86_64-unknown-linux-gnu/4.9.2] ==> [/uufs/chpc.utah.edu/sys/installdir/gcc/4.9.2/lib/gcc/x86_64-unknown-linux-gnu/4.9.2]
  collapse library dir [/uufs/chpc.utah.edu/sys/installdir/gcc/4.9.2/lib/gcc/x86_64-unknown-linux-gnu/4.9.2/../../../../lib64] ==> [/uufs/chpc.utah.edu/sys/installdir/gcc/4.9.2/lib64]
  collapse library dir [/lib/../lib64] ==> [/lib64]
  collapse library dir [/usr/lib/../lib64] ==> [/usr/lib64]
  collapse library dir [/uufs/chpc.utah.edu/sys/installdir/intel/compilers_and_libraries_2016.3.210/linux/ipp/lib/intel64] ==> [/uufs/chpc.utah.edu/sys/installdir/intel/compilers_and_libraries_2016.3.210/linux/ipp/lib/intel64]
  collapse library dir [/uufs/chpc.utah.edu/sys/installdir/intel/compilers_and_libraries_2016.3.210/linux/compiler/lib/intel64] ==> [/uufs/chpc.utah.edu/sys/installdir/intel/compilers_and_libraries_2016.3.210/linux/compiler/lib/intel64]
  collapse library dir [/uufs/chpc.utah.edu/sys/installdir/intel/compilers_and_libraries_2016.3.210/linux/mkl/lib/intel64] ==> [/uufs/chpc.utah.edu/sys/installdir/intel/compilers_and_libraries_2016.3.210/linux/mkl/lib/intel64]
  collapse library dir [/uufs/chpc.utah.edu/sys/installdir/intel/compilers_and_libraries_2016.3.210/linux/tbb/lib/intel64/gcc4.4] ==> [/uufs/chpc.utah.edu/sys/installdir/intel/compilers_and_libraries_2016.3.210/linux/tbb/lib/intel64/gcc4.4]
  collapse library dir [/uufs/chpc.utah.edu/sys/installdir/intel/compilers_and_libraries_2016.3.210/linux/daal/lib/intel64_lin] ==> [/uufs/chpc.utah.edu/sys/installdir/intel/compilers_and_libraries_2016.3.210/linux/daal/lib/intel64_lin]
  collapse library dir [/uufs/chpc.utah.edu/sys/installdir/intel/compilers_and_libraries_2016.3.210/linux/compiler/lib/intel64_lin] ==> [/uufs/chpc.utah.edu/sys/installdir/intel/compilers_and_libraries_2016.3.210/linux/compiler/lib/intel64_lin]
  collapse library dir [/uufs/chpc.utah.edu/sys/installdir/gcc/4.9.2/lib/gcc/x86_64-unknown-linux-gnu/4.9.2/../../..] ==> [/uufs/chpc.utah.edu/sys/installdir/gcc/4.9.2/lib]
  implicit libs: [stdc++;m;c]
  implicit dirs: [/uufs/chpc.utah.edu/sys/installdir/gcc/4.9.2/lib/gcc/x86_64-unknown-linux-gnu/4.9.2;/uufs/chpc.utah.edu/sys/installdir/gcc/4.9.2/lib64;/lib64;/usr/lib64;/uufs/chpc.utah.edu/sys/installdir/intel/compilers_and_libraries_2016.3.210/linux/ipp/lib/intel64;/uufs/chpc.utah.edu/sys/installdir/intel/compilers_and_libraries_2016.3.210/linux/compiler/lib/intel64;/uufs/chpc.utah.edu/sys/installdir/intel/compilers_and_libraries_2016.3.210/linux/mkl/lib/intel64;/uufs/chpc.utah.edu/sys/installdir/intel/compilers_and_libraries_2016.3.210/linux/tbb/lib/intel64/gcc4.4;/uufs/chpc.utah.edu/sys/installdir/intel/compilers_and_libraries_2016.3.210/linux/daal/lib/intel64_lin;/uufs/chpc.utah.edu/sys/installdir/intel/compilers_and_libraries_2016.3.210/linux/compiler/lib/intel64_lin;/uufs/chpc.utah.edu/sys/installdir/gcc/4.9.2/lib]
  implicit fwks: []


